<?xml version="1.0" encoding="UTF-8"?>
<testsuite name="io.m1nque.mybatis.demo.MybatisDemoApplicationTests" tests="1" skipped="0" failures="0" errors="0" timestamp="2023-01-30T05:13:10" hostname="gimmingyuui-MacBookPro.local" time="0.072">
  <properties/>
  <testcase name="contextLoads()" classname="io.m1nque.mybatis.demo.MybatisDemoApplicationTests" time="0.072"/>
  <system-out><![CDATA[14:13:08.457 [Test worker] DEBUG org.springframework.boot.test.context.SpringBootTestContextBootstrapper - Neither @ContextConfiguration nor @ContextHierarchy found for test class [MybatisDemoApplicationTests]: using SpringBootContextLoader
14:13:08.460 [Test worker] DEBUG org.springframework.test.context.support.AbstractContextLoader - Could not detect default resource locations for test class [io.m1nque.mybatis.demo.MybatisDemoApplicationTests]: no resource found for suffixes {-context.xml, Context.groovy}.
14:13:08.460 [Test worker] INFO org.springframework.test.context.support.AnnotationConfigContextLoaderUtils - Could not detect default configuration classes for test class [io.m1nque.mybatis.demo.MybatisDemoApplicationTests]: MybatisDemoApplicationTests does not declare any static, non-private, non-final, nested classes annotated with @Configuration.
14:13:08.470 [Test worker] DEBUG org.springframework.boot.test.context.SpringBootTestContextBootstrapper - Using ContextCustomizers for test class [MybatisDemoApplicationTests]: [DisableObservabilityContextCustomizer, PropertyMappingContextCustomizer, Customizer, ExcludeFilterContextCustomizer, DuplicateJsonObjectContextCustomizer, MockitoContextCustomizer, TestRestTemplateContextCustomizer]
14:13:08.502 [Test worker] DEBUG org.springframework.context.annotation.ClassPathScanningCandidateComponentProvider - Identified candidate component class: file [/Users/minkyukim/Documents/Projects/mybatis-demo/build/classes/java/main/io/m1nque/mybatis/demo/MybatisDemoApplication.class]
14:13:08.503 [Test worker] INFO org.springframework.boot.test.context.SpringBootTestContextBootstrapper - Found @SpringBootConfiguration io.m1nque.mybatis.demo.MybatisDemoApplication for test class io.m1nque.mybatis.demo.MybatisDemoApplicationTests
14:13:08.542 [Test worker] DEBUG org.springframework.boot.test.context.SpringBootTestContextBootstrapper - Using TestExecutionListeners for test class [MybatisDemoApplicationTests]: [ServletTestExecutionListener, DirtiesContextBeforeModesTestExecutionListener, ApplicationEventsTestExecutionListener, MockitoTestExecutionListener, DependencyInjectionTestExecutionListener, DirtiesContextTestExecutionListener, TransactionalTestExecutionListener, SqlScriptsTestExecutionListener, EventPublishingTestExecutionListener, RestDocsTestExecutionListener, MockRestServiceServerResetTestExecutionListener, MockMvcPrintOnlyOnFailureTestExecutionListener, WebDriverTestExecutionListener, MockWebServiceServerTestExecutionListener, ResetMocksTestExecutionListener]
14:13:08.542 [Test worker] DEBUG org.springframework.test.context.support.AbstractDirtiesContextTestExecutionListener - Before test class: class [MybatisDemoApplicationTests], class annotated with @DirtiesContext [false] with mode [null]

  .   ____          _            __ _ _
 /\\ / ___'_ __ _ _(_)_ __  __ _ \ \ \ \
( ( )\___ | '_ | '_| | '_ \/ _` | \ \ \ \
 \\/  ___)| |_)| | | | | || (_| |  ) ) ) )
  '  |____| .__|_| |_|_| |_\__, | / / / /
 =========|_|==============|___/=/_/_/_/
 :: Spring Boot ::                (v3.0.2)

2023-01-30T14:13:08.661+09:00  INFO 7038 --- [    Test worker] i.m.m.demo.MybatisDemoApplicationTests   : Starting MybatisDemoApplicationTests using Java 17.0.6 with PID 7038 (started by minkyukim in /Users/minkyukim/Documents/Projects/mybatis-demo)
2023-01-30T14:13:08.661+09:00  INFO 7038 --- [    Test worker] i.m.m.demo.MybatisDemoApplicationTests   : No active profile set, falling back to 1 default profile: "default"
2023-01-30T14:13:08.937+09:00  INFO 7038 --- [    Test worker] .s.d.r.c.RepositoryConfigurationDelegate : Multiple Spring Data modules found, entering strict repository configuration mode
2023-01-30T14:13:08.937+09:00  INFO 7038 --- [    Test worker] .s.d.r.c.RepositoryConfigurationDelegate : Bootstrapping Spring Data JDBC repositories in DEFAULT mode.
2023-01-30T14:13:08.948+09:00  INFO 7038 --- [    Test worker] .RepositoryConfigurationExtensionSupport : Spring Data JDBC - Could not safely identify store assignment for repository candidate interface io.m1nque.mybatis.demo.repository.UserRepository; If you want this repository to be a JDBC repository, consider annotating your entities with one of these annotations: org.springframework.data.relational.core.mapping.Table.
2023-01-30T14:13:08.948+09:00  INFO 7038 --- [    Test worker] .s.d.r.c.RepositoryConfigurationDelegate : Finished Spring Data repository scanning in 8 ms. Found 0 JDBC repository interfaces.
2023-01-30T14:13:08.953+09:00  INFO 7038 --- [    Test worker] .s.d.r.c.RepositoryConfigurationDelegate : Multiple Spring Data modules found, entering strict repository configuration mode
2023-01-30T14:13:08.954+09:00  INFO 7038 --- [    Test worker] .s.d.r.c.RepositoryConfigurationDelegate : Bootstrapping Spring Data JPA repositories in DEFAULT mode.
2023-01-30T14:13:08.965+09:00  INFO 7038 --- [    Test worker] .s.d.r.c.RepositoryConfigurationDelegate : Finished Spring Data repository scanning in 10 ms. Found 1 JPA repository interfaces.
2023-01-30T14:13:09.161+09:00  INFO 7038 --- [    Test worker] o.hibernate.jpa.internal.util.LogHelper  : HHH000204: Processing PersistenceUnitInfo [name: default]
2023-01-30T14:13:09.178+09:00  INFO 7038 --- [    Test worker] org.hibernate.Version                    : HHH000412: Hibernate ORM core version 6.1.6.Final
2023-01-30T14:13:09.243+09:00  WARN 7038 --- [    Test worker] org.hibernate.orm.deprecation            : HHH90000021: Encountered deprecated setting [javax.persistence.sharedCache.mode], use [jakarta.persistence.sharedCache.mode] instead
2023-01-30T14:13:09.288+09:00  INFO 7038 --- [    Test worker] com.zaxxer.hikari.HikariDataSource       : HikariPool-1 - Starting...
2023-01-30T14:13:09.469+09:00  INFO 7038 --- [    Test worker] com.zaxxer.hikari.pool.HikariPool        : HikariPool-1 - Added connection com.mysql.cj.jdbc.ConnectionImpl@5fd18419
2023-01-30T14:13:09.470+09:00  INFO 7038 --- [    Test worker] com.zaxxer.hikari.HikariDataSource       : HikariPool-1 - Start completed.
2023-01-30T14:13:09.504+09:00  INFO 7038 --- [    Test worker] SQL dialect                              : HHH000400: Using dialect: org.hibernate.dialect.MySQLDialect
2023-01-30T14:13:09.829+09:00  INFO 7038 --- [    Test worker] o.h.e.t.j.p.i.JtaPlatformInitiator       : HHH000490: Using JtaPlatform implementation: [org.hibernate.engine.transaction.jta.platform.internal.NoJtaPlatform]
2023-01-30T14:13:09.833+09:00  INFO 7038 --- [    Test worker] j.LocalContainerEntityManagerFactoryBean : Initialized JPA EntityManagerFactory for persistence unit 'default'
2023-01-30T14:13:10.101+09:00  WARN 7038 --- [    Test worker] JpaBaseConfiguration$JpaWebConfiguration : spring.jpa.open-in-view is enabled by default. Therefore, database queries may be performed during view rendering. Explicitly configure spring.jpa.open-in-view to disable this warning
2023-01-30T14:13:10.298+09:00  INFO 7038 --- [    Test worker] i.m.m.demo.MybatisDemoApplicationTests   : Started MybatisDemoApplicationTests in 1.733 seconds (process running for 2.218)
]]></system-out>
  <system-err><![CDATA[]]></system-err>
</testsuite>
